2021-04-14T02:52:20+00:00 CRITICAL Class 'Elementor\Data\Base\Controller' not found in C:\xampp\htdocs\doan-wordpress\wp-content\plugins\elementor\data\base\controller.php on line 11

2021-04-14T02:52:26+00:00 CRITICAL Class 'Elementor\Data\Base\Controller' not found in C:\xampp\htdocs\doan-wordpress\wp-content\plugins\elementor\data\base\controller.php on line 11

2021-04-14T02:52:33+00:00 CRITICAL Class 'Elementor\Data\Base\Controller' not found in C:\xampp\htdocs\doan-wordpress\wp-content\plugins\elementor\data\base\controller.php on line 11

2021-04-14T02:52:36+00:00 CRITICAL Class 'Elementor\Data\Base\Controller' not found in C:\xampp\htdocs\doan-wordpress\wp-content\plugins\elementor\data\base\controller.php on line 11

2021-04-14T02:52:41+00:00 CRITICAL Class 'Elementor\Data\Base\Controller' not found in C:\xampp\htdocs\doan-wordpress\wp-content\plugins\elementor\data\base\controller.php on line 11

2021-04-14T02:52:45+00:00 CRITICAL Class 'Elementor\Data\Base\Controller' not found in C:\xampp\htdocs\doan-wordpress\wp-content\plugins\elementor\data\base\controller.php on line 11

2021-04-14T02:52:52+00:00 CRITICAL Class 'Elementor\Data\Base\Controller' not found in C:\xampp\htdocs\doan-wordpress\wp-content\plugins\elementor\data\base\controller.php on line 11

2021-04-14T02:54:36+00:00 CRITICAL Class 'Elementor\Core\Upgrade\Manager' not found in C:\xampp\htdocs\doan-wordpress\wp-content\plugins\elementor\core\upgrade\manager.php on line 10

2021-04-14T02:55:50+00:00 CRITICAL Class 'Elementor\Core\Upgrade\Manager' not found in C:\xampp\htdocs\doan-wordpress\wp-content\plugins\elementor\core\upgrade\manager.php on line 10

2021-04-14T02:57:19+00:00 CRITICAL Class 'Elementor\Data\Base\Controller' not found in C:\xampp\htdocs\doan-wordpress\wp-content\plugins\elementor\data\base\controller.php on line 11

2021-04-14T08:06:46+00:00 CRITICAL Uncaught Exception: Element must be mapped in system in C:\xampp\htdocs\doan-wordpress\wp-content\plugins\js_composer\include\classes\shortcodes\core\class-vc-shortcodes-manager.php:101
Stack trace:
#0 C:\xampp\htdocs\doan-wordpress\wp-content\plugins\js_composer\include\classes\shortcodes\core\class-vc-shortcodes-manager.php(135): Vc_Shortcodes_Manager->getElementClass('nm_banner_slide...')
#1 C:\xampp\htdocs\doan-wordpress\wp-content\plugins\js_composer\include\classes\editors\class-vc-frontend-editor.php(728): Vc_Shortcodes_Manager->shortcodeClass()
#2 C:\xampp\htdocs\doan-wordpress\wp-content\plugins\js_composer\include\classes\editors\class-vc-frontend-editor.php(653): Vc_Frontend_Editor->renderShortcodes(Array)
#3 C:\xampp\htdocs\doan-wordpress\wp-includes\class-wp-hook.php(292): Vc_Frontend_Editor->loadShortcodes('')
#4 C:\xampp\htdocs\doan-wordpress\wp-includes\class-wp-hook.php(316): WP_Hook->apply_filters(NULL, Array)
#5 C:\xampp\htdocs\doan-wordpress\wp-includes\plugin.php(484): WP_Hook->do_action( in C:\xampp\htdocs\doan-wordpress\wp-content\plugins\js_composer\include\classes\shortcodes\core\class-vc-shortcodes-manager.php on line 101

2021-04-14T08:08:18+00:00 CRITICAL Uncaught Exception: Element must be mapped in system in C:\xampp\htdocs\doan-wordpress\wp-content\plugins\js_composer\include\classes\shortcodes\core\class-vc-shortcodes-manager.php:101
Stack trace:
#0 C:\xampp\htdocs\doan-wordpress\wp-content\plugins\js_composer\include\classes\shortcodes\core\class-vc-shortcodes-manager.php(135): Vc_Shortcodes_Manager->getElementClass('nm_banner_slide...')
#1 C:\xampp\htdocs\doan-wordpress\wp-content\plugins\js_composer\include\classes\editors\class-vc-frontend-editor.php(728): Vc_Shortcodes_Manager->shortcodeClass()
#2 C:\xampp\htdocs\doan-wordpress\wp-content\plugins\js_composer\include\classes\editors\class-vc-frontend-editor.php(653): Vc_Frontend_Editor->renderShortcodes(Array)
#3 C:\xampp\htdocs\doan-wordpress\wp-includes\class-wp-hook.php(292): Vc_Frontend_Editor->loadShortcodes('')
#4 C:\xampp\htdocs\doan-wordpress\wp-includes\class-wp-hook.php(316): WP_Hook->apply_filters(NULL, Array)
#5 C:\xampp\htdocs\doan-wordpress\wp-includes\plugin.php(484): WP_Hook->do_action( in C:\xampp\htdocs\doan-wordpress\wp-content\plugins\js_composer\include\classes\shortcodes\core\class-vc-shortcodes-manager.php on line 101

2021-04-14T08:08:22+00:00 CRITICAL Uncaught Exception: Element must be mapped in system in C:\xampp\htdocs\doan-wordpress\wp-content\plugins\js_composer\include\classes\shortcodes\core\class-vc-shortcodes-manager.php:101
Stack trace:
#0 C:\xampp\htdocs\doan-wordpress\wp-content\plugins\js_composer\include\classes\shortcodes\core\class-vc-shortcodes-manager.php(135): Vc_Shortcodes_Manager->getElementClass('nm_banner')
#1 C:\xampp\htdocs\doan-wordpress\wp-content\plugins\js_composer\include\classes\editors\class-vc-frontend-editor.php(728): Vc_Shortcodes_Manager->shortcodeClass()
#2 C:\xampp\htdocs\doan-wordpress\wp-content\plugins\js_composer\include\classes\editors\class-vc-frontend-editor.php(653): Vc_Frontend_Editor->renderShortcodes(Array)
#3 C:\xampp\htdocs\doan-wordpress\wp-includes\class-wp-hook.php(292): Vc_Frontend_Editor->loadShortcodes('')
#4 C:\xampp\htdocs\doan-wordpress\wp-includes\class-wp-hook.php(316): WP_Hook->apply_filters(NULL, Array)
#5 C:\xampp\htdocs\doan-wordpress\wp-includes\plugin.php(484): WP_Hook->do_action(Array)
#6 in C:\xampp\htdocs\doan-wordpress\wp-content\plugins\js_composer\include\classes\shortcodes\core\class-vc-shortcodes-manager.php on line 101

2021-04-14T08:13:40+00:00 CRITICAL Uncaught Exception: Element must be mapped in system in C:\xampp\htdocs\doan-wordpress\wp-content\plugins\js_composer\include\classes\shortcodes\core\class-vc-shortcodes-manager.php:101
Stack trace:
#0 C:\xampp\htdocs\doan-wordpress\wp-content\plugins\js_composer\include\classes\shortcodes\core\class-vc-shortcodes-manager.php(135): Vc_Shortcodes_Manager->getElementClass('nm_banner_slide...')
#1 C:\xampp\htdocs\doan-wordpress\wp-content\plugins\js_composer\include\classes\editors\class-vc-frontend-editor.php(728): Vc_Shortcodes_Manager->shortcodeClass()
#2 C:\xampp\htdocs\doan-wordpress\wp-content\plugins\js_composer\include\classes\editors\class-vc-frontend-editor.php(653): Vc_Frontend_Editor->renderShortcodes(Array)
#3 C:\xampp\htdocs\doan-wordpress\wp-includes\class-wp-hook.php(292): Vc_Frontend_Editor->loadShortcodes('')
#4 C:\xampp\htdocs\doan-wordpress\wp-includes\class-wp-hook.php(316): WP_Hook->apply_filters(NULL, Array)
#5 C:\xampp\htdocs\doan-wordpress\wp-includes\plugin.php(484): WP_Hook->do_action( in C:\xampp\htdocs\doan-wordpress\wp-content\plugins\js_composer\include\classes\shortcodes\core\class-vc-shortcodes-manager.php on line 101

2021-04-14T08:13:45+00:00 CRITICAL Uncaught Exception: Element must be mapped in system in C:\xampp\htdocs\doan-wordpress\wp-content\plugins\js_composer\include\classes\shortcodes\core\class-vc-shortcodes-manager.php:101
Stack trace:
#0 C:\xampp\htdocs\doan-wordpress\wp-content\plugins\js_composer\include\classes\shortcodes\core\class-vc-shortcodes-manager.php(135): Vc_Shortcodes_Manager->getElementClass('nm_banner')
#1 C:\xampp\htdocs\doan-wordpress\wp-content\plugins\js_composer\include\classes\editors\class-vc-frontend-editor.php(728): Vc_Shortcodes_Manager->shortcodeClass()
#2 C:\xampp\htdocs\doan-wordpress\wp-content\plugins\js_composer\include\classes\editors\class-vc-frontend-editor.php(653): Vc_Frontend_Editor->renderShortcodes(Array)
#3 C:\xampp\htdocs\doan-wordpress\wp-includes\class-wp-hook.php(292): Vc_Frontend_Editor->loadShortcodes('')
#4 C:\xampp\htdocs\doan-wordpress\wp-includes\class-wp-hook.php(316): WP_Hook->apply_filters(NULL, Array)
#5 C:\xampp\htdocs\doan-wordpress\wp-includes\plugin.php(484): WP_Hook->do_action(Array)
#6 in C:\xampp\htdocs\doan-wordpress\wp-content\plugins\js_composer\include\classes\shortcodes\core\class-vc-shortcodes-manager.php on line 101

2021-04-14T08:16:17+00:00 CRITICAL Uncaught Exception: Element must be mapped in system in C:\xampp\htdocs\doan-wordpress\wp-content\plugins\js_composer\include\classes\shortcodes\core\class-vc-shortcodes-manager.php:101
Stack trace:
#0 C:\xampp\htdocs\doan-wordpress\wp-content\plugins\js_composer\include\classes\shortcodes\core\class-vc-shortcodes-manager.php(135): Vc_Shortcodes_Manager->getElementClass('nm_banner_slide...')
#1 C:\xampp\htdocs\doan-wordpress\wp-content\plugins\js_composer\include\classes\editors\class-vc-frontend-editor.php(728): Vc_Shortcodes_Manager->shortcodeClass()
#2 C:\xampp\htdocs\doan-wordpress\wp-content\plugins\js_composer\include\classes\editors\class-vc-frontend-editor.php(653): Vc_Frontend_Editor->renderShortcodes(Array)
#3 C:\xampp\htdocs\doan-wordpress\wp-includes\class-wp-hook.php(292): Vc_Frontend_Editor->loadShortcodes('')
#4 C:\xampp\htdocs\doan-wordpress\wp-includes\class-wp-hook.php(316): WP_Hook->apply_filters(NULL, Array)
#5 C:\xampp\htdocs\doan-wordpress\wp-includes\plugin.php(484): WP_Hook->do_action( in C:\xampp\htdocs\doan-wordpress\wp-content\plugins\js_composer\include\classes\shortcodes\core\class-vc-shortcodes-manager.php on line 101

2021-04-14T08:18:20+00:00 CRITICAL Uncaught Exception: Element must be mapped in system in C:\xampp\htdocs\doan-wordpress\wp-content\plugins\js_composer\include\classes\shortcodes\core\class-vc-shortcodes-manager.php:101
Stack trace:
#0 C:\xampp\htdocs\doan-wordpress\wp-content\plugins\js_composer\include\classes\shortcodes\core\class-vc-shortcodes-manager.php(135): Vc_Shortcodes_Manager->getElementClass('nm_banner')
#1 C:\xampp\htdocs\doan-wordpress\wp-content\plugins\js_composer\include\classes\editors\class-vc-frontend-editor.php(728): Vc_Shortcodes_Manager->shortcodeClass()
#2 C:\xampp\htdocs\doan-wordpress\wp-content\plugins\js_composer\include\classes\editors\class-vc-frontend-editor.php(653): Vc_Frontend_Editor->renderShortcodes(Array)
#3 C:\xampp\htdocs\doan-wordpress\wp-includes\class-wp-hook.php(292): Vc_Frontend_Editor->loadShortcodes('')
#4 C:\xampp\htdocs\doan-wordpress\wp-includes\class-wp-hook.php(316): WP_Hook->apply_filters(NULL, Array)
#5 C:\xampp\htdocs\doan-wordpress\wp-includes\plugin.php(484): WP_Hook->do_action(Array)
#6 in C:\xampp\htdocs\doan-wordpress\wp-content\plugins\js_composer\include\classes\shortcodes\core\class-vc-shortcodes-manager.php on line 101

